{"C:\\GitHub\\mySIB\\Chapter7\\app\\controllers\\cars.js": {"path":"C:\\GitHub\\mySIB\\Chapter7\\app\\controllers\\cars.js","statementMap":{"0":{"start":{"line":1,"column":20},"end":{"line":1,"column":49}},"1":{"start":{"line":2,"column":35},"end":{"line":2,"column":63}},"2":{"start":{"line":3,"column":23},"end":{"line":3,"column":38}},"3":{"start":{"line":6,"column":23},"end":{"line":18,"column":1}},"4":{"start":{"line":7,"column":13},"end":{"line":7,"column":26}},"5":{"start":{"line":8,"column":2},"end":{"line":17,"column":3}},"6":{"start":{"line":9,"column":16},"end":{"line":9,"column":48}},"7":{"start":{"line":10,"column":4},"end":{"line":10,"column":18}},"8":{"start":{"line":11,"column":4},"end":{"line":11,"column":11}},"9":{"start":{"line":13,"column":4},"end":{"line":16,"column":7}},"10":{"start":{"line":21,"column":27},"end":{"line":35,"column":1}},"11":{"start":{"line":29,"column":18},"end":{"line":29,"column":39}},"12":{"start":{"line":31,"column":4},"end":{"line":31,"column":80}},"13":{"start":{"line":31,"column":26},"end":{"line":31,"column":80}},"14":{"start":{"line":33,"column":4},"end":{"line":33,"column":11}},"15":{"start":{"line":38,"column":13},"end":{"line":52,"column":1}},"16":{"start":{"line":39,"column":2},"end":{"line":51,"column":3}},"17":{"start":{"line":40,"column":17},"end":{"line":40,"column":53}},"18":{"start":{"line":41,"column":4},"end":{"line":45,"column":7}},"19":{"start":{"line":47,"column":4},"end":{"line":50,"column":7}},"20":{"start":{"line":55,"column":15},"end":{"line":62,"column":1}},"21":{"start":{"line":56,"column":15},"end":{"line":56,"column":22}},"22":{"start":{"line":57,"column":2},"end":{"line":61,"column":5}},"23":{"start":{"line":65,"column":15},"end":{"line":82,"column":1}},"24":{"start":{"line":66,"column":2},"end":{"line":81,"column":3}},"25":{"start":{"line":67,"column":17},"end":{"line":67,"column":90}},"26":{"start":{"line":68,"column":28},"end":{"line":68,"column":36}},"27":{"start":{"line":70,"column":17},"end":{"line":70,"column":59}},"28":{"start":{"line":71,"column":4},"end":{"line":75,"column":7}},"29":{"start":{"line":77,"column":4},"end":{"line":80,"column":7}},"30":{"start":{"line":85,"column":15},"end":{"line":104,"column":1}},"31":{"start":{"line":86,"column":2},"end":{"line":103,"column":3}},"32":{"start":{"line":87,"column":15},"end":{"line":87,"column":28}},"33":{"start":{"line":88,"column":27},"end":{"line":88,"column":35}},"34":{"start":{"line":89,"column":17},"end":{"line":89,"column":54}},"35":{"start":{"line":91,"column":17},"end":{"line":91,"column":62}},"36":{"start":{"line":93,"column":4},"end":{"line":97,"column":7}},"37":{"start":{"line":99,"column":4},"end":{"line":102,"column":7}},"38":{"start":{"line":107,"column":16},"end":{"line":122,"column":1}},"39":{"start":{"line":108,"column":2},"end":{"line":121,"column":3}},"40":{"start":{"line":109,"column":15},"end":{"line":109,"column":28}},"41":{"start":{"line":110,"column":27},"end":{"line":110,"column":35}},"42":{"start":{"line":111,"column":4},"end":{"line":111,"column":44}},"43":{"start":{"line":112,"column":4},"end":{"line":115,"column":7}},"44":{"start":{"line":117,"column":4},"end":{"line":120,"column":7}},"45":{"start":{"line":124,"column":0},"end":{"line":132,"column":2}}},"fnMap":{"0":{"name":"(anonymous_0)","decl":{"start":{"line":6,"column":23},"end":{"line":6,"column":24}},"loc":{"start":{"line":6,"column":49},"end":{"line":18,"column":1}},"line":6},"1":{"name":"(anonymous_1)","decl":{"start":{"line":28,"column":2},"end":{"line":28,"column":3}},"loc":{"start":{"line":28,"column":22},"end":{"line":34,"column":3}},"line":28},"2":{"name":"(anonymous_2)","decl":{"start":{"line":38,"column":13},"end":{"line":38,"column":14}},"loc":{"start":{"line":38,"column":33},"end":{"line":52,"column":1}},"line":38},"3":{"name":"(anonymous_3)","decl":{"start":{"line":55,"column":15},"end":{"line":55,"column":16}},"loc":{"start":{"line":55,"column":29},"end":{"line":62,"column":1}},"line":55},"4":{"name":"(anonymous_4)","decl":{"start":{"line":65,"column":15},"end":{"line":65,"column":16}},"loc":{"start":{"line":65,"column":35},"end":{"line":82,"column":1}},"line":65},"5":{"name":"(anonymous_5)","decl":{"start":{"line":85,"column":15},"end":{"line":85,"column":16}},"loc":{"start":{"line":85,"column":35},"end":{"line":104,"column":1}},"line":85},"6":{"name":"(anonymous_6)","decl":{"start":{"line":107,"column":16},"end":{"line":107,"column":17}},"loc":{"start":{"line":107,"column":36},"end":{"line":122,"column":1}},"line":107}},"branchMap":{"0":{"loc":{"start":{"line":31,"column":4},"end":{"line":31,"column":80}},"type":"if","locations":[{"start":{"line":31,"column":4},"end":{"line":31,"column":80}},{"start":{},"end":{}}],"line":31},"1":{"loc":{"start":{"line":77,"column":22},"end":{"line":77,"column":45}},"type":"binary-expr","locations":[{"start":{"line":77,"column":22},"end":{"line":77,"column":38}},{"start":{"line":77,"column":42},"end":{"line":77,"column":45}}],"line":77},"2":{"loc":{"start":{"line":117,"column":22},"end":{"line":117,"column":45}},"type":"binary-expr","locations":[{"start":{"line":117,"column":22},"end":{"line":117,"column":38}},{"start":{"line":117,"column":42},"end":{"line":117,"column":45}}],"line":117}},"s":{"0":1,"1":1,"2":1,"3":1,"4":2,"5":2,"6":2,"7":1,"8":1,"9":1,"10":1,"11":0,"12":0,"13":0,"14":0,"15":1,"16":2,"17":2,"18":1,"19":1,"20":1,"21":1,"22":1,"23":1,"24":2,"25":2,"26":2,"27":2,"28":1,"29":1,"30":1,"31":2,"32":2,"33":2,"34":2,"35":2,"36":1,"37":1,"38":1,"39":2,"40":2,"41":2,"42":2,"43":1,"44":1,"45":1},"f":{"0":2,"1":0,"2":2,"3":1,"4":2,"5":2,"6":2},"b":{"0":[0,0],"1":[1,0],"2":[1,0]},"_coverageSchema":"1a1c01bbd47fc00a2c39e90264f33305004495a9","hash":"f34eedaaa70c642530ba4a01ab716a62874efb62"}
,"C:\\GitHub\\mySIB\\Chapter7\\app\\controllers\\general.js": {"path":"C:\\GitHub\\mySIB\\Chapter7\\app\\controllers\\general.js","statementMap":{"0":{"start":{"line":1,"column":0},"end":{"line":6,"column":2}},"1":{"start":{"line":2,"column":2},"end":{"line":5,"column":5}},"2":{"start":{"line":8,"column":0},"end":{"line":13,"column":2}},"3":{"start":{"line":9,"column":2},"end":{"line":12,"column":5}}},"fnMap":{"0":{"name":"(anonymous_0)","decl":{"start":{"line":1,"column":15},"end":{"line":1,"column":16}},"loc":{"start":{"line":1,"column":29},"end":{"line":6,"column":1}},"line":1},"1":{"name":"(anonymous_1)","decl":{"start":{"line":8,"column":17},"end":{"line":8,"column":18}},"loc":{"start":{"line":8,"column":31},"end":{"line":13,"column":1}},"line":8}},"branchMap":{},"s":{"0":1,"1":1,"2":1,"3":1},"f":{"0":1,"1":1},"b":{},"_coverageSchema":"1a1c01bbd47fc00a2c39e90264f33305004495a9","hash":"6507698c60e3898c6190230b47c16d8504dc959d"}
,"C:\\GitHub\\mySIB\\Chapter7\\app\\controllers\\user.js": {"path":"C:\\GitHub\\mySIB\\Chapter7\\app\\controllers\\user.js","statementMap":{"0":{"start":{"line":1,"column":20},"end":{"line":1,"column":49}},"1":{"start":{"line":3,"column":0},"end":{"line":19,"column":2}},"2":{"start":{"line":4,"column":2},"end":{"line":18,"column":3}},"3":{"start":{"line":5,"column":17},"end":{"line":5,"column":25}},"4":{"start":{"line":6,"column":17},"end":{"line":6,"column":54}},"5":{"start":{"line":8,"column":4},"end":{"line":12,"column":7}},"6":{"start":{"line":14,"column":4},"end":{"line":17,"column":7}},"7":{"start":{"line":21,"column":0},"end":{"line":37,"column":2}},"8":{"start":{"line":22,"column":2},"end":{"line":36,"column":3}},"9":{"start":{"line":23,"column":17},"end":{"line":23,"column":25}},"10":{"start":{"line":25,"column":17},"end":{"line":25,"column":50}},"11":{"start":{"line":26,"column":4},"end":{"line":30,"column":7}},"12":{"start":{"line":32,"column":4},"end":{"line":35,"column":7}},"13":{"start":{"line":39,"column":0},"end":{"line":54,"column":2}},"14":{"start":{"line":40,"column":2},"end":{"line":53,"column":3}},"15":{"start":{"line":41,"column":17},"end":{"line":41,"column":25}},"16":{"start":{"line":42,"column":17},"end":{"line":42,"column":53}},"17":{"start":{"line":43,"column":4},"end":{"line":47,"column":7}},"18":{"start":{"line":49,"column":4},"end":{"line":52,"column":7}},"19":{"start":{"line":56,"column":0},"end":{"line":62,"column":2}},"20":{"start":{"line":57,"column":2},"end":{"line":61,"column":5}}},"fnMap":{"0":{"name":"(anonymous_0)","decl":{"start":{"line":3,"column":19},"end":{"line":3,"column":20}},"loc":{"start":{"line":3,"column":39},"end":{"line":19,"column":1}},"line":3},"1":{"name":"(anonymous_1)","decl":{"start":{"line":21,"column":16},"end":{"line":21,"column":17}},"loc":{"start":{"line":21,"column":36},"end":{"line":37,"column":1}},"line":21},"2":{"name":"(anonymous_2)","decl":{"start":{"line":39,"column":24},"end":{"line":39,"column":25}},"loc":{"start":{"line":39,"column":44},"end":{"line":54,"column":1}},"line":39},"3":{"name":"(anonymous_3)","decl":{"start":{"line":56,"column":22},"end":{"line":56,"column":23}},"loc":{"start":{"line":56,"column":36},"end":{"line":62,"column":1}},"line":56}},"branchMap":{},"s":{"0":1,"1":1,"2":2,"3":2,"4":2,"5":1,"6":1,"7":1,"8":2,"9":2,"10":2,"11":1,"12":1,"13":1,"14":2,"15":2,"16":2,"17":1,"18":1,"19":1,"20":1},"f":{"0":2,"1":2,"2":2,"3":1},"b":{},"_coverageSchema":"1a1c01bbd47fc00a2c39e90264f33305004495a9","hash":"b2432dd74b3a86484d08f77f654db3babc1a6150"}
,"C:\\GitHub\\mySIB\\Chapter7\\app\\middlewares\\auth.js": {"path":"C:\\GitHub\\mySIB\\Chapter7\\app\\middlewares\\auth.js","statementMap":{"0":{"start":{"line":1,"column":20},"end":{"line":1,"column":49}},"1":{"start":{"line":3,"column":0},"end":{"line":15,"column":2}},"2":{"start":{"line":4,"column":2},"end":{"line":14,"column":3}},"3":{"start":{"line":5,"column":24},"end":{"line":5,"column":49}},"4":{"start":{"line":6,"column":17},"end":{"line":6,"column":57}},"5":{"start":{"line":7,"column":4},"end":{"line":7,"column":20}},"6":{"start":{"line":8,"column":4},"end":{"line":8,"column":11}},"7":{"start":{"line":10,"column":4},"end":{"line":13,"column":7}},"8":{"start":{"line":17,"column":0},"end":{"line":27,"column":2}},"9":{"start":{"line":18,"column":19},"end":{"line":18,"column":27}},"10":{"start":{"line":20,"column":2},"end":{"line":24,"column":7}},"11":{"start":{"line":21,"column":4},"end":{"line":24,"column":7}},"12":{"start":{"line":26,"column":2},"end":{"line":26,"column":9}},"13":{"start":{"line":29,"column":0},"end":{"line":38,"column":2}},"14":{"start":{"line":30,"column":19},"end":{"line":30,"column":27}},"15":{"start":{"line":31,"column":2},"end":{"line":35,"column":7}},"16":{"start":{"line":32,"column":4},"end":{"line":35,"column":7}},"17":{"start":{"line":37,"column":2},"end":{"line":37,"column":9}}},"fnMap":{"0":{"name":"(anonymous_0)","decl":{"start":{"line":3,"column":20},"end":{"line":3,"column":21}},"loc":{"start":{"line":3,"column":46},"end":{"line":15,"column":1}},"line":3},"1":{"name":"(anonymous_1)","decl":{"start":{"line":17,"column":23},"end":{"line":17,"column":24}},"loc":{"start":{"line":17,"column":43},"end":{"line":27,"column":1}},"line":17},"2":{"name":"(anonymous_2)","decl":{"start":{"line":29,"column":25},"end":{"line":29,"column":26}},"loc":{"start":{"line":29,"column":45},"end":{"line":38,"column":1}},"line":29}},"branchMap":{"0":{"loc":{"start":{"line":20,"column":2},"end":{"line":24,"column":7}},"type":"if","locations":[{"start":{"line":20,"column":2},"end":{"line":24,"column":7}},{"start":{},"end":{}}],"line":20},"1":{"loc":{"start":{"line":31,"column":2},"end":{"line":35,"column":7}},"type":"if","locations":[{"start":{"line":31,"column":2},"end":{"line":35,"column":7}},{"start":{},"end":{}}],"line":31},"2":{"loc":{"start":{"line":31,"column":6},"end":{"line":31,"column":47}},"type":"binary-expr","locations":[{"start":{"line":31,"column":6},"end":{"line":31,"column":27}},{"start":{"line":31,"column":31},"end":{"line":31,"column":47}}],"line":31}},"s":{"0":1,"1":1,"2":2,"3":2,"4":2,"5":1,"6":1,"7":1,"8":1,"9":0,"10":0,"11":0,"12":0,"13":1,"14":0,"15":0,"16":0,"17":0},"f":{"0":2,"1":0,"2":0},"b":{"0":[0,0],"1":[0,0],"2":[0,0]},"_coverageSchema":"1a1c01bbd47fc00a2c39e90264f33305004495a9","hash":"c9ecd0a127667048515aeb4e59a34b58d5e9fd22"}
}
