TN:
SF:app\controllers\cars.js
FN:6,(anonymous_0)
FN:28,(anonymous_1)
FN:38,(anonymous_2)
FN:55,(anonymous_3)
FN:65,(anonymous_4)
FN:85,(anonymous_5)
FN:107,(anonymous_6)
FNF:7
FNH:6
FNDA:2,(anonymous_0)
FNDA:0,(anonymous_1)
FNDA:2,(anonymous_2)
FNDA:1,(anonymous_3)
FNDA:2,(anonymous_4)
FNDA:2,(anonymous_5)
FNDA:2,(anonymous_6)
DA:1,1
DA:2,1
DA:3,1
DA:6,1
DA:7,2
DA:8,2
DA:9,2
DA:10,1
DA:11,1
DA:13,1
DA:21,1
DA:29,0
DA:31,0
DA:33,0
DA:38,1
DA:39,2
DA:40,2
DA:41,1
DA:47,1
DA:55,1
DA:56,1
DA:57,1
DA:65,1
DA:66,2
DA:67,2
DA:68,2
DA:70,2
DA:71,1
DA:77,1
DA:85,1
DA:86,2
DA:87,2
DA:88,2
DA:89,2
DA:91,2
DA:93,1
DA:99,1
DA:107,1
DA:108,2
DA:109,2
DA:110,2
DA:111,2
DA:112,1
DA:117,1
DA:124,1
LF:45
LH:42
BRDA:31,0,0,0
BRDA:31,0,1,0
BRDA:77,1,0,1
BRDA:77,1,1,0
BRDA:117,2,0,1
BRDA:117,2,1,0
BRF:6
BRH:2
end_of_record
TN:
SF:app\controllers\general.js
FN:1,(anonymous_0)
FN:8,(anonymous_1)
FNF:2
FNH:2
FNDA:1,(anonymous_0)
FNDA:1,(anonymous_1)
DA:1,1
DA:2,1
DA:8,1
DA:9,1
LF:4
LH:4
BRF:0
BRH:0
end_of_record
TN:
SF:app\controllers\user.js
FN:3,(anonymous_0)
FN:21,(anonymous_1)
FN:39,(anonymous_2)
FN:56,(anonymous_3)
FNF:4
FNH:4
FNDA:2,(anonymous_0)
FNDA:2,(anonymous_1)
FNDA:2,(anonymous_2)
FNDA:1,(anonymous_3)
DA:1,1
DA:3,1
DA:4,2
DA:5,2
DA:6,2
DA:8,1
DA:14,1
DA:21,1
DA:22,2
DA:23,2
DA:25,2
DA:26,1
DA:32,1
DA:39,1
DA:40,2
DA:41,2
DA:42,2
DA:43,1
DA:49,1
DA:56,1
DA:57,1
LF:21
LH:21
BRF:0
BRH:0
end_of_record
TN:
SF:app\middlewares\auth.js
FN:3,(anonymous_0)
FN:17,(anonymous_1)
FN:29,(anonymous_2)
FNF:3
FNH:1
FNDA:2,(anonymous_0)
FNDA:0,(anonymous_1)
FNDA:0,(anonymous_2)
DA:1,1
DA:3,1
DA:4,2
DA:5,2
DA:6,2
DA:7,1
DA:8,1
DA:10,1
DA:17,1
DA:18,0
DA:20,0
DA:21,0
DA:26,0
DA:29,1
DA:30,0
DA:31,0
DA:32,0
DA:37,0
LF:18
LH:10
BRDA:20,0,0,0
BRDA:20,0,1,0
BRDA:31,1,0,0
BRDA:31,1,1,0
BRDA:31,2,0,0
BRDA:31,2,1,0
BRF:6
BRH:0
end_of_record
